\BOOKMARK [0][-]{chapter.1}{\376\377\000E\000i\000n\000f\000\374\000h\000r\000u\000n\000g}{}% 1
\BOOKMARK [1][-]{section.1.1}{\376\377\000P\000a\000t\000i\000e\000n\000t\000e\000n\000,\000\040\000T\000h\000e\000r\000a\000p\000i\000e\000n\000\040\000u\000n\000d\000\040\000A\000k\000t\000e\000n}{chapter.1}% 2
\BOOKMARK [1][-]{section.1.2}{\376\377\000M\000e\000i\000n\000e\000\040\000A\000k\000t\000e\000n}{chapter.1}% 3
\BOOKMARK [1][-]{section.1.3}{\376\377\000D\000i\000e\000n\000s\000t\000l\000e\000i\000s\000t\000u\000n\000g\000e\000n\000\040\000s\000i\000n\000d\000\040\000T\000e\000r\000m\000i\000n\000e}{chapter.1}% 4
\BOOKMARK [1][-]{section.1.4}{\376\377\000T\000h\000e\000r\000a\000p\000i\000e\000n\000\040\000m\000i\000t\000\040\000m\000e\000h\000r\000\040\000a\000l\000s\000\040\000e\000i\000n\000e\000m\000\040\000T\000h\000e\000r\000a\000p\000e\000u\000t\000e\000n}{chapter.1}% 5
\BOOKMARK [1][-]{section.1.5}{\376\377\000D\000i\000e\000n\000s\000t\000l\000e\000i\000s\000t\000u\000n\000g\000s\000a\000r\000t\000e\000n}{chapter.1}% 6
\BOOKMARK [1][-]{section.1.6}{\376\377\000E\000r\000s\000t\000g\000e\000s\000p\000r\000\344\000c\000h\000e}{chapter.1}% 7
\BOOKMARK [0][-]{chapter.2}{\376\377\000T\000h\000e\000r\000a\000p\000e\000u\000t\000e\000n}{}% 8
\BOOKMARK [1][-]{section.2.1}{\376\377\000T\000e\000r\000m\000i\000n\000e\000\040\000e\000r\000f\000a\000s\000s\000e\000n}{chapter.2}% 9
\BOOKMARK [1][-]{section.2.2}{\376\377\000M\000e\000i\000n\000e\000\040\000T\000e\000r\000m\000i\000n\000e}{chapter.2}% 10
\BOOKMARK [1][-]{section.2.3}{\376\377\000A\000k\000t\000e\000n\000\040\000a\000n\000l\000e\000g\000e\000n}{chapter.2}% 11
\BOOKMARK [0][-]{chapter.3}{\376\377\000S\000e\000k\000r\000e\000t\000a\000r\000i\000a\000t}{}% 12
\BOOKMARK [1][-]{section.3.1}{\376\377\000B\000u\000c\000h\000h\000a\000l\000t\000u\000n\000g}{chapter.3}% 13
\BOOKMARK [1][-]{section.3.2}{\376\377\000P\000a\000t\000i\000e\000n\000t\000e\000n\000\040\000e\000r\000f\000a\000s\000s\000e\000n}{chapter.3}% 14
\BOOKMARK [0][-]{chapter.4}{\376\377\000A\000n\000l\000a\000g\000e\000v\000e\000r\000w\000a\000l\000t\000e\000r\000\040\000\050\000S\000i\000t\000e\000-\000A\000d\000m\000i\000n\000i\000s\000t\000r\000a\000t\000o\000r\000\051}{}% 15
\BOOKMARK [1][-]{section.4.1}{\376\377\000B\000e\000n\000u\000t\000z\000e\000r\000v\000e\000r\000w\000a\000l\000t\000u\000n\000g}{chapter.4}% 16
\BOOKMARK [0][-]{chapter.5}{\376\377\000T\000i\000p\000p\000s\000\040\000u\000n\000d\000\040\000T\000r\000i\000c\000k\000s}{}% 17
\BOOKMARK [1][-]{section.5.1}{\376\377\000S\000h\000i\000f\000t\000+\000C\000t\000r\000l\000+\000R}{chapter.5}% 18
\BOOKMARK [0][-]{chapter.6}{\376\377\000\304\000n\000d\000e\000r\000u\000n\000g\000e\000n\000\040\000i\000n\000\040\000L\000i\000n\000o\000\040\000T\000e\000r\000a}{}% 19
\BOOKMARK [1][-]{section.6.1}{\376\377\000K\000o\000m\000m\000e\000n\000d\000e\000\040\000V\000e\000r\000s\000i\000o\000n}{chapter.6}% 20
\BOOKMARK [1][-]{section.6.2}{\376\377\000B\000a\000u\000s\000t\000e\000l\000l\000e\000n\000b\000e\000s\000i\000c\000h\000t\000i\000g\000u\000n\000g\000\040\0002\0000\0001\0008\000-\0001\0000\000-\0000\0009}{chapter.6}% 21
\BOOKMARK [1][-]{section.6.3}{\376\377\000L\000i\000n\000o\000\040\000T\000e\000r\000a\000\040\0001\0008\000.\0008\000.\0001\0006}{chapter.6}% 22
\BOOKMARK [0][-]{chapter.7}{\376\377\000t\000i\000m\0002\000l\000i\000n\000o}{}% 23
\BOOKMARK [0][-]{chapter.8}{\376\377\000L\000e\000g\000a\000l\000e\000\040\000H\000i\000n\000w\000e\000i\000s\000e}{}% 24
